Android-App/app/build/intermediates/manifest_merge_blame_file/debug/processDebugMainManifest/manifest-merger-blame-debug-report.txt
1<?xml version="1.0" encoding="utf-8"?>
2<manifest xmlns:android="http://schemas.android.com/apk/res/android"
3    package="com.omniscan.xr"
4    android:versionCode="1"
5    android:versionName="1.0.0-PRO" >
6
7    <uses-sdk
8        android:minSdkVersion="28"
9        android:targetSdkVersion="35" />
10
11    <uses-permission android:name="android.permission.CAMERA" />
11-->src/main/AndroidManifest.xml:4:5-65
11-->src/main/AndroidManifest.xml:4:22-62
12
13    <uses-feature
13-->src/main/AndroidManifest.xml:5:5-87
14        android:name="android.hardware.camera.ar"
14-->src/main/AndroidManifest.xml:5:19-60
15        android:required="true" />
15-->src/main/AndroidManifest.xml:5:61-84
16    <uses-feature
16-->src/main/AndroidManifest.xml:6:5-90
17        android:name="android.hardware.camera.depth"
17-->src/main/AndroidManifest.xml:6:19-63
18        android:required="true" />
18-->src/main/AndroidManifest.xml:6:64-87
19
20    <uses-permission android:name="android.permission.INTERNET" />
20-->src/main/AndroidManifest.xml:8:5-67
20-->src/main/AndroidManifest.xml:8:22-64
21    <uses-permission android:name="android.permission.ACCESS_NETWORK_STATE" />
21-->src/main/AndroidManifest.xml:9:5-79
21-->src/main/AndroidManifest.xml:9:22-76
22    <uses-permission android:name="android.permission.ACCESS_FINE_LOCATION" />
22-->src/main/AndroidManifest.xml:10:5-79
22-->src/main/AndroidManifest.xml:10:22-76
23
24    <permission
24-->[androidx.core:core:1.13.0] AndroidManifest.xml:22:5-24:47
25        android:name="com.omniscan.xr.DYNAMIC_RECEIVER_NOT_EXPORTED_PERMISSION"
25-->[androidx.core:core:1.13.0] AndroidManifest.xml:23:9-81
26        android:protectionLevel="signature" />
26-->[androidx.core:core:1.13.0] AndroidManifest.xml:24:9-44
27
28    <uses-permission android:name="com.omniscan.xr.DYNAMIC_RECEIVER_NOT_EXPORTED_PERMISSION" />
28-->[androidx.core:core:1.13.0] AndroidManifest.xml:26:5-97
28-->[androidx.core:core:1.13.0] AndroidManifest.xml:26:22-94
29
30    <queries>
30-->[com.google.ar:core:1.42.0] AndroidManifest.xml:20:5-27:15
31        <package android:name="com.google.ar.core" />
31-->[com.google.ar:core:1.42.0] AndroidManifest.xml:21:9-54
31-->[com.google.ar:core:1.42.0] AndroidManifest.xml:21:18-51
32        <package android:name="com.android.vending" />
32-->[com.google.ar:core:1.42.0] AndroidManifest.xml:22:9-55
32-->[com.google.ar:core:1.42.0] AndroidManifest.xml:22:18-52
33
34        <intent>
34-->[com.google.ar:core:1.42.0] AndroidManifest.xml:24:9-26:18
35            <action android:name="com.google.android.play.core.install.BIND_INSTALL_SERVICE" />
35-->[com.google.ar:core:1.42.0] AndroidManifest.xml:25:13-96
35-->[com.google.ar:core:1.42.0] AndroidManifest.xml:25:21-93
36        </intent>
37    </queries>
38
39    <application
39-->src/main/AndroidManifest.xml:12:5-26:19
40        android:allowBackup="true"
40-->src/main/AndroidManifest.xml:13:9-35
41        android:appComponentFactory="androidx.core.app.CoreComponentFactory"
41-->[androidx.core:core:1.13.0] AndroidManifest.xml:28:18-86
42        android:debuggable="true"
43        android:extractNativeLibs="false"
44        android:icon="@android:drawable/sym_def_app_icon"
44-->src/main/AndroidManifest.xml:14:9-58
45        android:label="OmniScan-XR"
45-->src/main/AndroidManifest.xml:15:9-36
46        android:theme="@style/Theme.OmniScan" >
46-->src/main/AndroidManifest.xml:16:9-46
47        <meta-data
47-->src/main/AndroidManifest.xml:18:9-81
48            android:name="com.google.ar.core"
48-->src/main/AndroidManifest.xml:18:20-53
49            android:value="required" />
49-->src/main/AndroidManifest.xml:18:54-78
50
51        <activity
51-->src/main/AndroidManifest.xml:20:9-25:20
52            android:name="com.omniscan.xr.MainActivity"
52-->src/main/AndroidManifest.xml:20:19-47
53            android:exported="true" >
53-->src/main/AndroidManifest.xml:20:48-71
54            <intent-filter>
54-->src/main/AndroidManifest.xml:21:13-24:29
55                <action android:name="android.intent.action.MAIN" />
55-->src/main/AndroidManifest.xml:22:17-69
55-->src/main/AndroidManifest.xml:22:25-66
56
57                <category android:name="android.intent.category.LAUNCHER" />
57-->src/main/AndroidManifest.xml:23:17-77
57-->src/main/AndroidManifest.xml:23:27-74
58            </intent-filter>
59        </activity>
60
61        <provider
61-->[androidx.emoji2:emoji2:1.3.0] AndroidManifest.xml:24:9-32:20
62            android:name="androidx.startup.InitializationProvider"
62-->[androidx.emoji2:emoji2:1.3.0] AndroidManifest.xml:25:13-67
63            android:authorities="com.omniscan.xr.androidx-startup"
63-->[androidx.emoji2:emoji2:1.3.0] AndroidManifest.xml:26:13-68
64            android:exported="false" >
64-->[androidx.emoji2:emoji2:1.3.0] AndroidManifest.xml:27:13-37
65            <meta-data
65-->[androidx.emoji2:emoji2:1.3.0] AndroidManifest.xml:29:13-31:52
66                android:name="androidx.emoji2.text.EmojiCompatInitializer"
66-->[androidx.emoji2:emoji2:1.3.0] AndroidManifest.xml:30:17-75
67                android:value="androidx.startup" />
67-->[androidx.emoji2:emoji2:1.3.0] AndroidManifest.xml:31:17-49
68            <meta-data
68-->[androidx.lifecycle:lifecycle-process:2.6.2] AndroidManifest.xml:29:13-31:52
69                android:name="androidx.lifecycle.ProcessLifecycleInitializer"
69-->[androidx.lifecycle:lifecycle-process:2.6.2] AndroidManifest.xml:30:17-78
70                android:value="androidx.startup" />
70-->[androidx.lifecycle:lifecycle-process:2.6.2] AndroidManifest.xml:31:17-49
71            <meta-data
71-->[androidx.profileinstaller:profileinstaller:1.3.1] AndroidManifest.xml:29:13-31:52
72                android:name="androidx.profileinstaller.ProfileInstallerInitializer"
72-->[androidx.profileinstaller:profileinstaller:1.3.1] AndroidManifest.xml:30:17-85
73                android:value="androidx.startup" />
73-->[androidx.profileinstaller:profileinstaller:1.3.1] AndroidManifest.xml:31:17-49
74        </provider> <!-- The minimal version code of ARCore APK required for an app using this SDK. -->
75        <meta-data
75-->[com.google.ar:core:1.42.0] AndroidManifest.xml:32:9-34:41
76            android:name="com.google.ar.core.min_apk_version"
76-->[com.google.ar:core:1.42.0] AndroidManifest.xml:33:13-62
77            android:value="240220000" /> <!-- This activity is critical for installing ARCore when it is not already present. -->
77-->[com.google.ar:core:1.42.0] AndroidManifest.xml:34:13-38
78        <activity
78-->[com.google.ar:core:1.42.0] AndroidManifest.xml:36:9-42:80
79            android:name="com.google.ar.core.InstallActivity"
79-->[com.google.ar:core:1.42.0] AndroidManifest.xml:37:13-62
80            android:configChanges="keyboardHidden|orientation|screenSize"
80-->[com.google.ar:core:1.42.0] AndroidManifest.xml:38:13-74
81            android:excludeFromRecents="true"
81-->[com.google.ar:core:1.42.0] AndroidManifest.xml:39:13-46
82            android:exported="false"
82-->[com.google.ar:core:1.42.0] AndroidManifest.xml:40:13-37
83            android:launchMode="singleTop"
83-->[com.google.ar:core:1.42.0] AndroidManifest.xml:41:13-43
84            android:theme="@android:style/Theme.Material.Light.Dialog.Alert" />
84-->[com.google.ar:core:1.42.0] AndroidManifest.xml:42:13-77
85
86        <receiver
86-->[androidx.profileinstaller:profileinstaller:1.3.1] AndroidManifest.xml:34:9-52:20
87            android:name="androidx.profileinstaller.ProfileInstallReceiver"
87-->[androidx.profileinstaller:profileinstaller:1.3.1] AndroidManifest.xml:35:13-76
88            android:directBootAware="false"
88-->[androidx.profileinstaller:profileinstaller:1.3.1] AndroidManifest.xml:36:13-44
89            android:enabled="true"
89-->[androidx.profileinstaller:profileinstaller:1.3.1] AndroidManifest.xml:37:13-35
90            android:exported="true"
90-->[androidx.profileinstaller:profileinstaller:1.3.1] AndroidManifest.xml:38:13-36
91            android:permission="android.permission.DUMP" >
91-->[androidx.profileinstaller:profileinstaller:1.3.1] AndroidManifest.xml:39:13-57
92            <intent-filter>
92-->[androidx.profileinstaller:profileinstaller:1.3.1] AndroidManifest.xml:40:13-42:29
93                <action android:name="androidx.profileinstaller.action.INSTALL_PROFILE" />
93-->[androidx.profileinstaller:profileinstaller:1.3.1] AndroidManifest.xml:41:17-91
93-->[androidx.profileinstaller:profileinstaller:1.3.1] AndroidManifest.xml:41:25-88
94            </intent-filter>
95            <intent-filter>
95-->[androidx.profileinstaller:profileinstaller:1.3.1] AndroidManifest.xml:43:13-45:29
96                <action android:name="androidx.profileinstaller.action.SKIP_FILE" />
96-->[androidx.profileinstaller:profileinstaller:1.3.1] AndroidManifest.xml:44:17-85
96-->[androidx.profileinstaller:profileinstaller:1.3.1] AndroidManifest.xml:44:25-82
97            </intent-filter>
98            <intent-filter>
98-->[androidx.profileinstaller:profileinstaller:1.3.1] AndroidManifest.xml:46:13-48:29
99                <action android:name="androidx.profileinstaller.action.SAVE_PROFILE" />
99-->[androidx.profileinstaller:profileinstaller:1.3.1] AndroidManifest.xml:47:17-88
99-->[androidx.profileinstaller:profileinstaller:1.3.1] AndroidManifest.xml:47:25-85
100            </intent-filter>
101            <intent-filter>
101-->[androidx.profileinstaller:profileinstaller:1.3.1] AndroidManifest.xml:49:13-51:29
102                <action android:name="androidx.profileinstaller.action.BENCHMARK_OPERATION" />
102-->[androidx.profileinstaller:profileinstaller:1.3.1] AndroidManifest.xml:50:17-95
102-->[androidx.profileinstaller:profileinstaller:1.3.1] AndroidManifest.xml:50:25-92
103            </intent-filter>
104        </receiver>
105    </application>
106
107</manifest>